<?xml version="1.0" encoding="UTF-8"?>
<testsuite xmlns:xsi="http://www.w3.org/2001/XMLSchema-instance" xsi:noNamespaceSchemaLocation="https://maven.apache.org/surefire/maven-surefire-plugin/xsd/surefire-test-report.xsd" name="pl.devfoundry.testing.OrderStatusTest" time="0" tests="3" errors="0" skipped="0" failures="0">
  <properties>
    <property name="awt.toolkit" value="sun.awt.X11.XToolkit"/>
    <property name="java.specification.version" value="11"/>
    <property name="sun.cpu.isalist" value=""/>
    <property name="sun.jnu.encoding" value="UTF-8"/>
    <property name="java.class.path" value="/mnt/c/Users/Dell/Source/Repos/unit-testing-java/target/test-classes:/mnt/c/Users/Dell/Source/Repos/unit-testing-java/target/classes:/home/pawel/.m2/repository/org/junit/jupiter/junit-jupiter-engine/5.8.2/junit-jupiter-engine-5.8.2.jar:/home/pawel/.m2/repository/org/junit/platform/junit-platform-engine/1.8.2/junit-platform-engine-1.8.2.jar:/home/pawel/.m2/repository/org/apiguardian/apiguardian-api/1.1.2/apiguardian-api-1.1.2.jar:/home/pawel/.m2/repository/org/junit/jupiter/junit-jupiter-api/5.8.2/junit-jupiter-api-5.8.2.jar:/home/pawel/.m2/repository/org/opentest4j/opentest4j/1.2.0/opentest4j-1.2.0.jar:/home/pawel/.m2/repository/org/junit/platform/junit-platform-commons/1.8.2/junit-platform-commons-1.8.2.jar:/home/pawel/.m2/repository/org/junit/platform/junit-platform-launcher/1.8.2/junit-platform-launcher-1.8.2.jar:/home/pawel/.m2/repository/org/projectlombok/lombok/1.18.22/lombok-1.18.22.jar:/home/pawel/.m2/repository/org/hamcrest/hamcrest/2.2/hamcrest-2.2.jar:/home/pawel/.m2/repository/org/assertj/assertj-core/3.22.0/assertj-core-3.22.0.jar:/home/pawel/.m2/repository/org/slf4j/slf4j-api/2.0.0-alpha5/slf4j-api-2.0.0-alpha5.jar:/home/pawel/.m2/repository/org/slf4j/slf4j-simple/2.0.0-alpha5/slf4j-simple-2.0.0-alpha5.jar:/home/pawel/.m2/repository/org/junit/jupiter/junit-jupiter-params/5.8.2/junit-jupiter-params-5.8.2.jar:"/>
    <property name="java.vm.vendor" value="Ubuntu"/>
    <property name="sun.arch.data.model" value="64"/>
    <property name="java.vendor.url" value="https://ubuntu.com/"/>
    <property name="user.timezone" value=""/>
    <property name="java.vm.specification.version" value="11"/>
    <property name="os.name" value="Linux"/>
    <property name="sun.java.launcher" value="SUN_STANDARD"/>
    <property name="sun.boot.library.path" value="/usr/lib/jvm/java-11-openjdk-amd64/lib"/>
    <property name="sun.java.command" value="/mnt/c/Users/Dell/Source/Repos/unit-testing-java/target/surefire/surefirebooter9848869896385259128.jar /mnt/c/Users/Dell/Source/Repos/unit-testing-java/target/surefire 2022-01-09T21-57-38_191-jvmRun1 surefire10880970773131374880tmp surefire_08906110681890311221tmp"/>
    <property name="jdk.debug" value="release"/>
    <property name="surefire.test.class.path" value="/mnt/c/Users/Dell/Source/Repos/unit-testing-java/target/test-classes:/mnt/c/Users/Dell/Source/Repos/unit-testing-java/target/classes:/home/pawel/.m2/repository/org/junit/jupiter/junit-jupiter-engine/5.8.2/junit-jupiter-engine-5.8.2.jar:/home/pawel/.m2/repository/org/junit/platform/junit-platform-engine/1.8.2/junit-platform-engine-1.8.2.jar:/home/pawel/.m2/repository/org/apiguardian/apiguardian-api/1.1.2/apiguardian-api-1.1.2.jar:/home/pawel/.m2/repository/org/junit/jupiter/junit-jupiter-api/5.8.2/junit-jupiter-api-5.8.2.jar:/home/pawel/.m2/repository/org/opentest4j/opentest4j/1.2.0/opentest4j-1.2.0.jar:/home/pawel/.m2/repository/org/junit/platform/junit-platform-commons/1.8.2/junit-platform-commons-1.8.2.jar:/home/pawel/.m2/repository/org/junit/platform/junit-platform-launcher/1.8.2/junit-platform-launcher-1.8.2.jar:/home/pawel/.m2/repository/org/projectlombok/lombok/1.18.22/lombok-1.18.22.jar:/home/pawel/.m2/repository/org/hamcrest/hamcrest/2.2/hamcrest-2.2.jar:/home/pawel/.m2/repository/org/assertj/assertj-core/3.22.0/assertj-core-3.22.0.jar:/home/pawel/.m2/repository/org/slf4j/slf4j-api/2.0.0-alpha5/slf4j-api-2.0.0-alpha5.jar:/home/pawel/.m2/repository/org/slf4j/slf4j-simple/2.0.0-alpha5/slf4j-simple-2.0.0-alpha5.jar:/home/pawel/.m2/repository/org/junit/jupiter/junit-jupiter-params/5.8.2/junit-jupiter-params-5.8.2.jar:"/>
    <property name="sun.cpu.endian" value="little"/>
    <property name="user.home" value="/home/pawel"/>
    <property name="user.language" value="en"/>
    <property name="java.specification.vendor" value="Oracle Corporation"/>
    <property name="java.version.date" value="2021-04-20"/>
    <property name="java.home" value="/usr/lib/jvm/java-11-openjdk-amd64"/>
    <property name="file.separator" value="/"/>
    <property name="basedir" value="/mnt/c/Users/Dell/Source/Repos/unit-testing-java"/>
    <property name="java.vm.compressedOopsMode" value="Zero based"/>
    <property name="line.separator" value="&#10;"/>
    <property name="java.specification.name" value="Java Platform API Specification"/>
    <property name="java.vm.specification.vendor" value="Oracle Corporation"/>
    <property name="java.awt.graphicsenv" value="sun.awt.X11GraphicsEnvironment"/>
    <property name="surefire.real.class.path" value="/mnt/c/Users/Dell/Source/Repos/unit-testing-java/target/surefire/surefirebooter9848869896385259128.jar"/>
    <property name="sun.management.compiler" value="HotSpot 64-Bit Tiered Compilers"/>
    <property name="java.runtime.version" value="11.0.11+9-Ubuntu-0ubuntu2.18.04"/>
    <property name="user.name" value="pawel"/>
    <property name="path.separator" value=":"/>
    <property name="os.version" value="4.4.0-19041-Microsoft"/>
    <property name="java.runtime.name" value="OpenJDK Runtime Environment"/>
    <property name="file.encoding" value="UTF-8"/>
    <property name="java.vm.name" value="OpenJDK 64-Bit Server VM"/>
    <property name="localRepository" value="/home/pawel/.m2/repository"/>
    <property name="java.vendor.url.bug" value="https://bugs.launchpad.net/ubuntu/+source/openjdk-lts"/>
    <property name="java.io.tmpdir" value="/tmp"/>
    <property name="java.version" value="11.0.11"/>
    <property name="user.dir" value="/mnt/c/Users/Dell/Source/Repos/unit-testing-java"/>
    <property name="os.arch" value="amd64"/>
    <property name="java.vm.specification.name" value="Java Virtual Machine Specification"/>
    <property name="java.awt.printerjob" value="sun.print.PSPrinterJob"/>
    <property name="sun.os.patch.level" value="unknown"/>
    <property name="java.library.path" value="/usr/java/packages/lib:/usr/lib/x86_64-linux-gnu/jni:/lib/x86_64-linux-gnu:/usr/lib/x86_64-linux-gnu:/usr/lib/jni:/lib:/usr/lib"/>
    <property name="java.vm.info" value="mixed mode, sharing"/>
    <property name="java.vendor" value="Ubuntu"/>
    <property name="java.vm.version" value="11.0.11+9-Ubuntu-0ubuntu2.18.04"/>
    <property name="sun.io.unicode.encoding" value="UnicodeLittle"/>
    <property name="java.class.version" value="55.0"/>
  </properties>
  <testcase name="test_allOrderStatusShouldBeShorterThan15Chars{OrderStatus}[1]" classname="pl.devfoundry.testing.OrderStatusTest" time="0"/>
  <testcase name="test_allOrderStatusShouldBeShorterThan15Chars{OrderStatus}[2]" classname="pl.devfoundry.testing.OrderStatusTest" time="0"/>
  <testcase name="test_allOrderStatusShouldBeShorterThan15Chars{OrderStatus}[3]" classname="pl.devfoundry.testing.OrderStatusTest" time="0"/>
</testsuite>